2023-02-27 16:57:43,470 [1] ERROR FleetViewClient.Helper.BindingHelper - {"Item1":{"Headers":null,"StatusCode":500},"Item2":"{}"}
2023-02-28 16:13:47,831 [1] ERROR FMSConfig.ConfigTab - System.NullReferenceException: Object reference not set to an instance of an object.
   at FMSLib.Models.ConfiguredBinding.GetStringSetting(String key, String defaultValue)
   at FleetViewClient.Helper.BindingHelper.SaveBindingsToFile(Config config, ApiClient apiClient, String filePath, Boolean saveOnly)
   at FleetViewClient.Services.ConfiguredBindingsManager.SaveBindingsToFile(String filePath, Boolean saveOnly)
   at FMSConfig.ConfigTab.DeleteOnlineTag()
2023-02-28 16:13:48,726 [1] ERROR FMSConfig.ConfigTab - System.NullReferenceException: Object reference not set to an instance of an object.
   at FMSLib.Models.ConfiguredBinding.GetStringSetting(String key, String defaultValue)
   at FleetViewClient.Helper.BindingHelper.SaveBindingsToFile(Config config, ApiClient apiClient, String filePath, Boolean saveOnly)
   at FleetViewClient.Services.ConfiguredBindingsManager.SaveBindingsToFile(String filePath, Boolean saveOnly)
   at FMSConfig.ConfigTab.DeleteOnlineTag()
2023-02-28 16:13:49,521 [1] ERROR FMSConfig.ConfigTab - System.NullReferenceException: Object reference not set to an instance of an object.
   at FMSLib.Models.ConfiguredBinding.GetStringSetting(String key, String defaultValue)
   at FleetViewClient.Helper.BindingHelper.SaveBindingsToFile(Config config, ApiClient apiClient, String filePath, Boolean saveOnly)
   at FleetViewClient.Services.ConfiguredBindingsManager.SaveBindingsToFile(String filePath, Boolean saveOnly)
   at FMSConfig.ConfigTab.DeleteOnlineTag()
2023-02-28 16:13:50,379 [1] ERROR FMSConfig.ConfigTab - System.NullReferenceException: Object reference not set to an instance of an object.
   at FMSLib.Models.ConfiguredBinding.GetStringSetting(String key, String defaultValue)
   at FleetViewClient.Helper.BindingHelper.SaveBindingsToFile(Config config, ApiClient apiClient, String filePath, Boolean saveOnly)
   at FleetViewClient.Services.ConfiguredBindingsManager.SaveBindingsToFile(String filePath, Boolean saveOnly)
   at FMSConfig.ConfigTab.DeleteOnlineTag()
2023-02-28 16:13:51,296 [1] ERROR FMSConfig.ConfigTab - System.NullReferenceException: Object reference not set to an instance of an object.
   at FMSLib.Models.ConfiguredBinding.GetStringSetting(String key, String defaultValue)
   at FleetViewClient.Helper.BindingHelper.SaveBindingsToFile(Config config, ApiClient apiClient, String filePath, Boolean saveOnly)
   at FleetViewClient.Services.ConfiguredBindingsManager.SaveBindingsToFile(String filePath, Boolean saveOnly)
   at FMSConfig.ConfigTab.DeleteOnlineTag()
2023-02-28 16:13:52,144 [1] ERROR FMSConfig.ConfigTab - System.NullReferenceException: Object reference not set to an instance of an object.
   at FMSLib.Models.ConfiguredBinding.GetStringSetting(String key, String defaultValue)
   at FleetViewClient.Helper.BindingHelper.SaveBindingsToFile(Config config, ApiClient apiClient, String filePath, Boolean saveOnly)
   at FleetViewClient.Services.ConfiguredBindingsManager.SaveBindingsToFile(String filePath, Boolean saveOnly)
   at FMSConfig.ConfigTab.DeleteOnlineTag()
2023-02-28 16:13:53,051 [1] ERROR FMSConfig.ConfigTab - System.NullReferenceException: Object reference not set to an instance of an object.
   at FMSLib.Models.ConfiguredBinding.GetStringSetting(String key, String defaultValue)
   at FleetViewClient.Helper.BindingHelper.SaveBindingsToFile(Config config, ApiClient apiClient, String filePath, Boolean saveOnly)
   at FleetViewClient.Services.ConfiguredBindingsManager.SaveBindingsToFile(String filePath, Boolean saveOnly)
   at FMSConfig.ConfigTab.DeleteOnlineTag()
2023-02-28 16:13:53,915 [1] ERROR FMSConfig.ConfigTab - System.NullReferenceException: Object reference not set to an instance of an object.
   at FMSLib.Models.ConfiguredBinding.GetStringSetting(String key, String defaultValue)
   at FleetViewClient.Helper.BindingHelper.SaveBindingsToFile(Config config, ApiClient apiClient, String filePath, Boolean saveOnly)
   at FleetViewClient.Services.ConfiguredBindingsManager.SaveBindingsToFile(String filePath, Boolean saveOnly)
   at FMSConfig.ConfigTab.DeleteOnlineTag()
2023-02-28 16:13:54,850 [1] ERROR FMSConfig.ConfigTab - System.NullReferenceException: Object reference not set to an instance of an object.
   at FMSLib.Models.ConfiguredBinding.GetStringSetting(String key, String defaultValue)
   at FleetViewClient.Helper.BindingHelper.SaveBindingsToFile(Config config, ApiClient apiClient, String filePath, Boolean saveOnly)
   at FleetViewClient.Services.ConfiguredBindingsManager.SaveBindingsToFile(String filePath, Boolean saveOnly)
   at FMSConfig.ConfigTab.DeleteOnlineTag()
2023-02-28 16:13:55,761 [1] ERROR FMSConfig.ConfigTab - System.NullReferenceException: Object reference not set to an instance of an object.
   at FMSLib.Models.ConfiguredBinding.GetStringSetting(String key, String defaultValue)
   at FleetViewClient.Helper.BindingHelper.SaveBindingsToFile(Config config, ApiClient apiClient, String filePath, Boolean saveOnly)
   at FleetViewClient.Services.ConfiguredBindingsManager.SaveBindingsToFile(String filePath, Boolean saveOnly)
   at FMSConfig.ConfigTab.DeleteOnlineTag()
2023-02-28 16:13:56,711 [1] ERROR FMSConfig.ConfigTab - System.NullReferenceException: Object reference not set to an instance of an object.
   at FMSLib.Models.ConfiguredBinding.GetStringSetting(String key, String defaultValue)
   at FleetViewClient.Helper.BindingHelper.SaveBindingsToFile(Config config, ApiClient apiClient, String filePath, Boolean saveOnly)
   at FleetViewClient.Services.ConfiguredBindingsManager.SaveBindingsToFile(String filePath, Boolean saveOnly)
   at FMSConfig.ConfigTab.DeleteOnlineTag()
2023-02-28 16:13:57,531 [1] ERROR FMSConfig.ConfigTab - System.NullReferenceException: Object reference not set to an instance of an object.
   at FMSLib.Models.ConfiguredBinding.GetStringSetting(String key, String defaultValue)
   at FleetViewClient.Helper.BindingHelper.SaveBindingsToFile(Config config, ApiClient apiClient, String filePath, Boolean saveOnly)
   at FleetViewClient.Services.ConfiguredBindingsManager.SaveBindingsToFile(String filePath, Boolean saveOnly)
   at FMSConfig.ConfigTab.DeleteOnlineTag()
2023-02-28 16:13:58,395 [1] ERROR FMSConfig.ConfigTab - System.NullReferenceException: Object reference not set to an instance of an object.
   at FMSLib.Models.ConfiguredBinding.GetStringSetting(String key, String defaultValue)
   at FleetViewClient.Helper.BindingHelper.SaveBindingsToFile(Config config, ApiClient apiClient, String filePath, Boolean saveOnly)
   at FleetViewClient.Services.ConfiguredBindingsManager.SaveBindingsToFile(String filePath, Boolean saveOnly)
   at FMSConfig.ConfigTab.DeleteOnlineTag()
2023-02-28 16:13:59,227 [1] ERROR FMSConfig.ConfigTab - System.NullReferenceException: Object reference not set to an instance of an object.
   at FMSLib.Models.ConfiguredBinding.GetStringSetting(String key, String defaultValue)
   at FleetViewClient.Helper.BindingHelper.SaveBindingsToFile(Config config, ApiClient apiClient, String filePath, Boolean saveOnly)
   at FleetViewClient.Services.ConfiguredBindingsManager.SaveBindingsToFile(String filePath, Boolean saveOnly)
   at FMSConfig.ConfigTab.DeleteOnlineTag()
2023-02-28 16:14:00,321 [1] ERROR FMSConfig.ConfigTab - System.NullReferenceException: Object reference not set to an instance of an object.
   at FMSLib.Models.ConfiguredBinding.GetStringSetting(String key, String defaultValue)
   at FleetViewClient.Helper.BindingHelper.SaveBindingsToFile(Config config, ApiClient apiClient, String filePath, Boolean saveOnly)
   at FleetViewClient.Services.ConfiguredBindingsManager.SaveBindingsToFile(String filePath, Boolean saveOnly)
   at FMSConfig.ConfigTab.DeleteOnlineTag()
2023-02-28 16:14:01,312 [1] ERROR FMSConfig.ConfigTab - System.NullReferenceException: Object reference not set to an instance of an object.
   at FMSLib.Models.ConfiguredBinding.GetStringSetting(String key, String defaultValue)
   at FleetViewClient.Helper.BindingHelper.SaveBindingsToFile(Config config, ApiClient apiClient, String filePath, Boolean saveOnly)
   at FleetViewClient.Services.ConfiguredBindingsManager.SaveBindingsToFile(String filePath, Boolean saveOnly)
   at FMSConfig.ConfigTab.DeleteOnlineTag()
2023-02-28 16:14:02,160 [1] ERROR FMSConfig.ConfigTab - System.NullReferenceException: Object reference not set to an instance of an object.
   at FMSLib.Models.ConfiguredBinding.GetStringSetting(String key, String defaultValue)
   at FleetViewClient.Helper.BindingHelper.SaveBindingsToFile(Config config, ApiClient apiClient, String filePath, Boolean saveOnly)
   at FleetViewClient.Services.ConfiguredBindingsManager.SaveBindingsToFile(String filePath, Boolean saveOnly)
   at FMSConfig.ConfigTab.DeleteOnlineTag()
2023-02-28 16:14:03,261 [1] ERROR FMSConfig.ConfigTab - System.NullReferenceException: Object reference not set to an instance of an object.
   at FMSLib.Models.ConfiguredBinding.GetStringSetting(String key, String defaultValue)
   at FleetViewClient.Helper.BindingHelper.SaveBindingsToFile(Config config, ApiClient apiClient, String filePath, Boolean saveOnly)
   at FleetViewClient.Services.ConfiguredBindingsManager.SaveBindingsToFile(String filePath, Boolean saveOnly)
   at FMSConfig.ConfigTab.DeleteOnlineTag()
2023-02-28 16:14:04,103 [1] ERROR FMSConfig.ConfigTab - System.NullReferenceException: Object reference not set to an instance of an object.
   at FMSLib.Models.ConfiguredBinding.GetStringSetting(String key, String defaultValue)
   at FleetViewClient.Helper.BindingHelper.SaveBindingsToFile(Config config, ApiClient apiClient, String filePath, Boolean saveOnly)
   at FleetViewClient.Services.ConfiguredBindingsManager.SaveBindingsToFile(String filePath, Boolean saveOnly)
   at FMSConfig.ConfigTab.DeleteOnlineTag()
2023-02-28 16:14:04,958 [1] ERROR FMSConfig.ConfigTab - System.NullReferenceException: Object reference not set to an instance of an object.
   at FMSLib.Models.ConfiguredBinding.GetStringSetting(String key, String defaultValue)
   at FleetViewClient.Helper.BindingHelper.SaveBindingsToFile(Config config, ApiClient apiClient, String filePath, Boolean saveOnly)
   at FleetViewClient.Services.ConfiguredBindingsManager.SaveBindingsToFile(String filePath, Boolean saveOnly)
   at FMSConfig.ConfigTab.DeleteOnlineTag()
2023-02-28 16:14:05,759 [1] ERROR FMSConfig.ConfigTab - System.NullReferenceException: Object reference not set to an instance of an object.
   at FMSLib.Models.ConfiguredBinding.GetStringSetting(String key, String defaultValue)
   at FleetViewClient.Helper.BindingHelper.SaveBindingsToFile(Config config, ApiClient apiClient, String filePath, Boolean saveOnly)
   at FleetViewClient.Services.ConfiguredBindingsManager.SaveBindingsToFile(String filePath, Boolean saveOnly)
   at FMSConfig.ConfigTab.DeleteOnlineTag()
2023-02-28 16:14:06,708 [1] ERROR FMSConfig.ConfigTab - System.NullReferenceException: Object reference not set to an instance of an object.
   at FMSLib.Models.ConfiguredBinding.GetStringSetting(String key, String defaultValue)
   at FleetViewClient.Helper.BindingHelper.SaveBindingsToFile(Config config, ApiClient apiClient, String filePath, Boolean saveOnly)
   at FleetViewClient.Services.ConfiguredBindingsManager.SaveBindingsToFile(String filePath, Boolean saveOnly)
   at FMSConfig.ConfigTab.DeleteOnlineTag()
2023-02-28 16:14:07,561 [1] ERROR FMSConfig.ConfigTab - System.NullReferenceException: Object reference not set to an instance of an object.
   at FMSLib.Models.ConfiguredBinding.GetStringSetting(String key, String defaultValue)
   at FleetViewClient.Helper.BindingHelper.SaveBindingsToFile(Config config, ApiClient apiClient, String filePath, Boolean saveOnly)
   at FleetViewClient.Services.ConfiguredBindingsManager.SaveBindingsToFile(String filePath, Boolean saveOnly)
   at FMSConfig.ConfigTab.DeleteOnlineTag()
2023-02-28 16:14:34,758 [1] ERROR FMSConfig.ConfigTab - System.NullReferenceException: Object reference not set to an instance of an object.
   at FMSLib.Models.ConfiguredBinding.GetStringSetting(String key, String defaultValue)
   at FleetViewClient.Helper.BindingHelper.SaveBindingsToFile(Config config, ApiClient apiClient, String filePath, Boolean saveOnly)
   at FleetViewClient.Services.ConfiguredBindingsManager.SaveBindingsToFile(String filePath, Boolean saveOnly)
   at FMSConfig.ConfigTab.DeleteOnlineTag()
2023-02-28 16:15:39,575 [1] ERROR FMSConfig.ConfigTab - System.NullReferenceException: Object reference not set to an instance of an object.
   at FMSLib.Models.ConfiguredBinding.GetStringSetting(String key, String defaultValue)
   at FleetViewClient.Helper.BindingHelper.SaveBindingsToFile(Config config, ApiClient apiClient, String filePath, Boolean saveOnly)
   at FleetViewClient.Services.ConfiguredBindingsManager.SaveBindingsToFile(String filePath, Boolean saveOnly)
   at FMSConfig.ConfigTab.DeleteOnlineTag()
2023-02-28 16:15:40,436 [1] ERROR FMSConfig.ConfigTab - System.NullReferenceException: Object reference not set to an instance of an object.
   at FMSLib.Models.ConfiguredBinding.GetStringSetting(String key, String defaultValue)
   at FleetViewClient.Helper.BindingHelper.SaveBindingsToFile(Config config, ApiClient apiClient, String filePath, Boolean saveOnly)
   at FleetViewClient.Services.ConfiguredBindingsManager.SaveBindingsToFile(String filePath, Boolean saveOnly)
   at FMSConfig.ConfigTab.DeleteOnlineTag()
2023-02-28 16:15:41,366 [1] ERROR FMSConfig.ConfigTab - System.NullReferenceException: Object reference not set to an instance of an object.
   at FMSLib.Models.ConfiguredBinding.GetStringSetting(String key, String defaultValue)
   at FleetViewClient.Helper.BindingHelper.SaveBindingsToFile(Config config, ApiClient apiClient, String filePath, Boolean saveOnly)
   at FleetViewClient.Services.ConfiguredBindingsManager.SaveBindingsToFile(String filePath, Boolean saveOnly)
   at FMSConfig.ConfigTab.DeleteOnlineTag()
2023-02-28 16:15:42,222 [1] ERROR FMSConfig.ConfigTab - System.NullReferenceException: Object reference not set to an instance of an object.
   at FMSLib.Models.ConfiguredBinding.GetStringSetting(String key, String defaultValue)
   at FleetViewClient.Helper.BindingHelper.SaveBindingsToFile(Config config, ApiClient apiClient, String filePath, Boolean saveOnly)
   at FleetViewClient.Services.ConfiguredBindingsManager.SaveBindingsToFile(String filePath, Boolean saveOnly)
   at FMSConfig.ConfigTab.DeleteOnlineTag()
2023-02-28 16:15:43,106 [1] ERROR FMSConfig.ConfigTab - System.NullReferenceException: Object reference not set to an instance of an object.
   at FMSLib.Models.ConfiguredBinding.GetStringSetting(String key, String defaultValue)
   at FleetViewClient.Helper.BindingHelper.SaveBindingsToFile(Config config, ApiClient apiClient, String filePath, Boolean saveOnly)
   at FleetViewClient.Services.ConfiguredBindingsManager.SaveBindingsToFile(String filePath, Boolean saveOnly)
   at FMSConfig.ConfigTab.DeleteOnlineTag()
2023-02-28 16:15:44,098 [1] ERROR FMSConfig.ConfigTab - System.NullReferenceException: Object reference not set to an instance of an object.
   at FMSLib.Models.ConfiguredBinding.GetStringSetting(String key, String defaultValue)
   at FleetViewClient.Helper.BindingHelper.SaveBindingsToFile(Config config, ApiClient apiClient, String filePath, Boolean saveOnly)
   at FleetViewClient.Services.ConfiguredBindingsManager.SaveBindingsToFile(String filePath, Boolean saveOnly)
   at FMSConfig.ConfigTab.DeleteOnlineTag()
2023-02-28 16:15:44,955 [1] ERROR FMSConfig.ConfigTab - System.NullReferenceException: Object reference not set to an instance of an object.
   at FMSLib.Models.ConfiguredBinding.GetStringSetting(String key, String defaultValue)
   at FleetViewClient.Helper.BindingHelper.SaveBindingsToFile(Config config, ApiClient apiClient, String filePath, Boolean saveOnly)
   at FleetViewClient.Services.ConfiguredBindingsManager.SaveBindingsToFile(String filePath, Boolean saveOnly)
   at FMSConfig.ConfigTab.DeleteOnlineTag()
2023-02-28 16:15:45,818 [1] ERROR FMSConfig.ConfigTab - System.NullReferenceException: Object reference not set to an instance of an object.
   at FMSLib.Models.ConfiguredBinding.GetStringSetting(String key, String defaultValue)
   at FleetViewClient.Helper.BindingHelper.SaveBindingsToFile(Config config, ApiClient apiClient, String filePath, Boolean saveOnly)
   at FleetViewClient.Services.ConfiguredBindingsManager.SaveBindingsToFile(String filePath, Boolean saveOnly)
   at FMSConfig.ConfigTab.DeleteOnlineTag()
2023-02-28 16:15:46,655 [1] ERROR FMSConfig.ConfigTab - System.NullReferenceException: Object reference not set to an instance of an object.
   at FMSLib.Models.ConfiguredBinding.GetStringSetting(String key, String defaultValue)
   at FleetViewClient.Helper.BindingHelper.SaveBindingsToFile(Config config, ApiClient apiClient, String filePath, Boolean saveOnly)
   at FleetViewClient.Services.ConfiguredBindingsManager.SaveBindingsToFile(String filePath, Boolean saveOnly)
   at FMSConfig.ConfigTab.DeleteOnlineTag()
2023-02-28 16:15:47,621 [1] ERROR FMSConfig.ConfigTab - System.NullReferenceException: Object reference not set to an instance of an object.
   at FMSLib.Models.ConfiguredBinding.GetStringSetting(String key, String defaultValue)
   at FleetViewClient.Helper.BindingHelper.SaveBindingsToFile(Config config, ApiClient apiClient, String filePath, Boolean saveOnly)
   at FleetViewClient.Services.ConfiguredBindingsManager.SaveBindingsToFile(String filePath, Boolean saveOnly)
   at FMSConfig.ConfigTab.DeleteOnlineTag()
2023-02-28 16:15:48,468 [1] ERROR FMSConfig.ConfigTab - System.NullReferenceException: Object reference not set to an instance of an object.
   at FMSLib.Models.ConfiguredBinding.GetStringSetting(String key, String defaultValue)
   at FleetViewClient.Helper.BindingHelper.SaveBindingsToFile(Config config, ApiClient apiClient, String filePath, Boolean saveOnly)
   at FleetViewClient.Services.ConfiguredBindingsManager.SaveBindingsToFile(String filePath, Boolean saveOnly)
   at FMSConfig.ConfigTab.DeleteOnlineTag()
2023-02-28 16:15:49,349 [1] ERROR FMSConfig.ConfigTab - System.NullReferenceException: Object reference not set to an instance of an object.
   at FMSLib.Models.ConfiguredBinding.GetStringSetting(String key, String defaultValue)
   at FleetViewClient.Helper.BindingHelper.SaveBindingsToFile(Config config, ApiClient apiClient, String filePath, Boolean saveOnly)
   at FleetViewClient.Services.ConfiguredBindingsManager.SaveBindingsToFile(String filePath, Boolean saveOnly)
   at FMSConfig.ConfigTab.DeleteOnlineTag()
2023-02-28 16:15:50,300 [1] ERROR FMSConfig.ConfigTab - System.NullReferenceException: Object reference not set to an instance of an object.
   at FMSLib.Models.ConfiguredBinding.GetStringSetting(String key, String defaultValue)
   at FleetViewClient.Helper.BindingHelper.SaveBindingsToFile(Config config, ApiClient apiClient, String filePath, Boolean saveOnly)
   at FleetViewClient.Services.ConfiguredBindingsManager.SaveBindingsToFile(String filePath, Boolean saveOnly)
   at FMSConfig.ConfigTab.DeleteOnlineTag()
2023-02-28 16:15:51,157 [1] ERROR FMSConfig.ConfigTab - System.NullReferenceException: Object reference not set to an instance of an object.
   at FMSLib.Models.ConfiguredBinding.GetStringSetting(String key, String defaultValue)
   at FleetViewClient.Helper.BindingHelper.SaveBindingsToFile(Config config, ApiClient apiClient, String filePath, Boolean saveOnly)
   at FleetViewClient.Services.ConfiguredBindingsManager.SaveBindingsToFile(String filePath, Boolean saveOnly)
   at FMSConfig.ConfigTab.DeleteOnlineTag()
2023-02-28 16:15:52,118 [1] ERROR FMSConfig.ConfigTab - System.NullReferenceException: Object reference not set to an instance of an object.
   at FMSLib.Models.ConfiguredBinding.GetStringSetting(String key, String defaultValue)
   at FleetViewClient.Helper.BindingHelper.SaveBindingsToFile(Config config, ApiClient apiClient, String filePath, Boolean saveOnly)
   at FleetViewClient.Services.ConfiguredBindingsManager.SaveBindingsToFile(String filePath, Boolean saveOnly)
   at FMSConfig.ConfigTab.DeleteOnlineTag()
2023-02-28 16:15:53,036 [1] ERROR FMSConfig.ConfigTab - System.NullReferenceException: Object reference not set to an instance of an object.
   at FMSLib.Models.ConfiguredBinding.GetStringSetting(String key, String defaultValue)
   at FleetViewClient.Helper.BindingHelper.SaveBindingsToFile(Config config, ApiClient apiClient, String filePath, Boolean saveOnly)
   at FleetViewClient.Services.ConfiguredBindingsManager.SaveBindingsToFile(String filePath, Boolean saveOnly)
   at FMSConfig.ConfigTab.DeleteOnlineTag()
2023-02-28 16:15:53,873 [1] ERROR FMSConfig.ConfigTab - System.NullReferenceException: Object reference not set to an instance of an object.
   at FMSLib.Models.ConfiguredBinding.GetStringSetting(String key, String defaultValue)
   at FleetViewClient.Helper.BindingHelper.SaveBindingsToFile(Config config, ApiClient apiClient, String filePath, Boolean saveOnly)
   at FleetViewClient.Services.ConfiguredBindingsManager.SaveBindingsToFile(String filePath, Boolean saveOnly)
   at FMSConfig.ConfigTab.DeleteOnlineTag()
2023-02-28 16:15:54,733 [1] ERROR FMSConfig.ConfigTab - System.NullReferenceException: Object reference not set to an instance of an object.
   at FMSLib.Models.ConfiguredBinding.GetStringSetting(String key, String defaultValue)
   at FleetViewClient.Helper.BindingHelper.SaveBindingsToFile(Config config, ApiClient apiClient, String filePath, Boolean saveOnly)
   at FleetViewClient.Services.ConfiguredBindingsManager.SaveBindingsToFile(String filePath, Boolean saveOnly)
   at FMSConfig.ConfigTab.DeleteOnlineTag()
2023-02-28 16:15:55,633 [1] ERROR FMSConfig.ConfigTab - System.NullReferenceException: Object reference not set to an instance of an object.
   at FMSLib.Models.ConfiguredBinding.GetStringSetting(String key, String defaultValue)
   at FleetViewClient.Helper.BindingHelper.SaveBindingsToFile(Config config, ApiClient apiClient, String filePath, Boolean saveOnly)
   at FleetViewClient.Services.ConfiguredBindingsManager.SaveBindingsToFile(String filePath, Boolean saveOnly)
   at FMSConfig.ConfigTab.DeleteOnlineTag()
2023-02-28 16:15:56,612 [1] ERROR FMSConfig.ConfigTab - System.NullReferenceException: Object reference not set to an instance of an object.
   at FMSLib.Models.ConfiguredBinding.GetStringSetting(String key, String defaultValue)
   at FleetViewClient.Helper.BindingHelper.SaveBindingsToFile(Config config, ApiClient apiClient, String filePath, Boolean saveOnly)
   at FleetViewClient.Services.ConfiguredBindingsManager.SaveBindingsToFile(String filePath, Boolean saveOnly)
   at FMSConfig.ConfigTab.DeleteOnlineTag()
2023-02-28 16:15:57,561 [1] ERROR FMSConfig.ConfigTab - System.NullReferenceException: Object reference not set to an instance of an object.
   at FMSLib.Models.ConfiguredBinding.GetStringSetting(String key, String defaultValue)
   at FleetViewClient.Helper.BindingHelper.SaveBindingsToFile(Config config, ApiClient apiClient, String filePath, Boolean saveOnly)
   at FleetViewClient.Services.ConfiguredBindingsManager.SaveBindingsToFile(String filePath, Boolean saveOnly)
   at FMSConfig.ConfigTab.DeleteOnlineTag()
2023-02-28 16:15:58,417 [1] ERROR FMSConfig.ConfigTab - System.NullReferenceException: Object reference not set to an instance of an object.
   at FMSLib.Models.ConfiguredBinding.GetStringSetting(String key, String defaultValue)
   at FleetViewClient.Helper.BindingHelper.SaveBindingsToFile(Config config, ApiClient apiClient, String filePath, Boolean saveOnly)
   at FleetViewClient.Services.ConfiguredBindingsManager.SaveBindingsToFile(String filePath, Boolean saveOnly)
   at FMSConfig.ConfigTab.DeleteOnlineTag()
2023-02-28 16:15:59,351 [1] ERROR FMSConfig.ConfigTab - System.NullReferenceException: Object reference not set to an instance of an object.
   at FMSLib.Models.ConfiguredBinding.GetStringSetting(String key, String defaultValue)
   at FleetViewClient.Helper.BindingHelper.SaveBindingsToFile(Config config, ApiClient apiClient, String filePath, Boolean saveOnly)
   at FleetViewClient.Services.ConfiguredBindingsManager.SaveBindingsToFile(String filePath, Boolean saveOnly)
   at FMSConfig.ConfigTab.DeleteOnlineTag()
2023-02-28 16:16:18,621 [1] ERROR FMSConfig.ConfigTab - System.NullReferenceException: Object reference not set to an instance of an object.
   at FMSLib.Models.ConfiguredBinding.GetStringSetting(String key, String defaultValue)
   at FleetViewClient.Helper.BindingHelper.SaveBindingsToFile(Config config, ApiClient apiClient, String filePath, Boolean saveOnly)
   at FleetViewClient.Services.ConfiguredBindingsManager.SaveBindingsToFile(String filePath, Boolean saveOnly)
   at FMSConfig.ConfigTab.DeleteOnlineTag()
2023-02-28 16:16:49,181 [1] ERROR FMSConfig.ConfigTab - System.NullReferenceException: Object reference not set to an instance of an object.
   at FMSLib.Models.ConfiguredBinding.GetStringSetting(String key, String defaultValue)
   at FleetViewClient.Helper.BindingHelper.SaveBindingsToFile(Config config, ApiClient apiClient, String filePath, Boolean saveOnly)
   at FleetViewClient.Services.ConfiguredBindingsManager.SaveBindingsToFile(String filePath, Boolean saveOnly)
   at FMSConfig.ConfigTab.DeleteOnlineTag()
2023-02-28 16:16:50,061 [1] ERROR FMSConfig.ConfigTab - System.NullReferenceException: Object reference not set to an instance of an object.
   at FMSLib.Models.ConfiguredBinding.GetStringSetting(String key, String defaultValue)
   at FleetViewClient.Helper.BindingHelper.SaveBindingsToFile(Config config, ApiClient apiClient, String filePath, Boolean saveOnly)
   at FleetViewClient.Services.ConfiguredBindingsManager.SaveBindingsToFile(String filePath, Boolean saveOnly)
   at FMSConfig.ConfigTab.DeleteOnlineTag()
2023-02-28 16:16:50,936 [1] ERROR FMSConfig.ConfigTab - System.NullReferenceException: Object reference not set to an instance of an object.
   at FMSLib.Models.ConfiguredBinding.GetStringSetting(String key, String defaultValue)
   at FleetViewClient.Helper.BindingHelper.SaveBindingsToFile(Config config, ApiClient apiClient, String filePath, Boolean saveOnly)
   at FleetViewClient.Services.ConfiguredBindingsManager.SaveBindingsToFile(String filePath, Boolean saveOnly)
   at FMSConfig.ConfigTab.DeleteOnlineTag()
2023-02-28 16:16:51,879 [1] ERROR FMSConfig.ConfigTab - System.NullReferenceException: Object reference not set to an instance of an object.
   at FMSLib.Models.ConfiguredBinding.GetStringSetting(String key, String defaultValue)
   at FleetViewClient.Helper.BindingHelper.SaveBindingsToFile(Config config, ApiClient apiClient, String filePath, Boolean saveOnly)
   at FleetViewClient.Services.ConfiguredBindingsManager.SaveBindingsToFile(String filePath, Boolean saveOnly)
   at FMSConfig.ConfigTab.DeleteOnlineTag()
2023-02-28 16:16:52,808 [1] ERROR FMSConfig.ConfigTab - System.NullReferenceException: Object reference not set to an instance of an object.
   at FMSLib.Models.ConfiguredBinding.GetStringSetting(String key, String defaultValue)
   at FleetViewClient.Helper.BindingHelper.SaveBindingsToFile(Config config, ApiClient apiClient, String filePath, Boolean saveOnly)
   at FleetViewClient.Services.ConfiguredBindingsManager.SaveBindingsToFile(String filePath, Boolean saveOnly)
   at FMSConfig.ConfigTab.DeleteOnlineTag()
2023-02-28 16:16:53,628 [1] ERROR FMSConfig.ConfigTab - System.NullReferenceException: Object reference not set to an instance of an object.
   at FMSLib.Models.ConfiguredBinding.GetStringSetting(String key, String defaultValue)
   at FleetViewClient.Helper.BindingHelper.SaveBindingsToFile(Config config, ApiClient apiClient, String filePath, Boolean saveOnly)
   at FleetViewClient.Services.ConfiguredBindingsManager.SaveBindingsToFile(String filePath, Boolean saveOnly)
   at FMSConfig.ConfigTab.DeleteOnlineTag()
2023-02-28 16:16:54,514 [1] ERROR FMSConfig.ConfigTab - System.NullReferenceException: Object reference not set to an instance of an object.
   at FMSLib.Models.ConfiguredBinding.GetStringSetting(String key, String defaultValue)
   at FleetViewClient.Helper.BindingHelper.SaveBindingsToFile(Config config, ApiClient apiClient, String filePath, Boolean saveOnly)
   at FleetViewClient.Services.ConfiguredBindingsManager.SaveBindingsToFile(String filePath, Boolean saveOnly)
   at FMSConfig.ConfigTab.DeleteOnlineTag()
2023-02-28 16:16:55,430 [1] ERROR FMSConfig.ConfigTab - System.NullReferenceException: Object reference not set to an instance of an object.
   at FMSLib.Models.ConfiguredBinding.GetStringSetting(String key, String defaultValue)
   at FleetViewClient.Helper.BindingHelper.SaveBindingsToFile(Config config, ApiClient apiClient, String filePath, Boolean saveOnly)
   at FleetViewClient.Services.ConfiguredBindingsManager.SaveBindingsToFile(String filePath, Boolean saveOnly)
   at FMSConfig.ConfigTab.DeleteOnlineTag()
2023-02-28 16:20:45,444 [1] ERROR FMSConfig.ConfigTab - System.AggregateException: One or more errors occurred. ---> System.Net.Http.HttpRequestException: An error occurred while sending the request. ---> System.Net.WebException: The request was aborted: Could not create SSL/TLS secure channel.
   at System.Net.HttpWebRequest.EndGetResponse(IAsyncResult asyncResult)
   at System.Net.Http.HttpClientHandler.GetResponseCallback(IAsyncResult ar)
   --- End of inner exception stack trace ---
   --- End of inner exception stack trace ---
   at System.Threading.Tasks.Task.ThrowIfExceptional(Boolean includeTaskCanceledExceptions)
   at System.Threading.Tasks.Task`1.GetResultCore(Boolean waitCompletionNotification)
   at System.Threading.Tasks.Task`1.get_Result()
   at CloudApiClient.Http.WebClient.GetRaw(String url, Dictionary`2 headers)
   at CloudApiClient.Http.WebClient.Get(String url, Dictionary`2 headers)
   at FMSConfig.ConfigTab.DeleteOnlineTag()
---> (Inner Exception #0) System.Net.Http.HttpRequestException: An error occurred while sending the request. ---> System.Net.WebException: The request was aborted: Could not create SSL/TLS secure channel.
   at System.Net.HttpWebRequest.EndGetResponse(IAsyncResult asyncResult)
   at System.Net.Http.HttpClientHandler.GetResponseCallback(IAsyncResult ar)
   --- End of inner exception stack trace ---<---

2023-02-28 16:20:45,921 [1] ERROR FMSConfig.ConfigTab - System.AggregateException: One or more errors occurred. ---> System.Net.Http.HttpRequestException: An error occurred while sending the request. ---> System.Net.WebException: The request was aborted: Could not create SSL/TLS secure channel.
   at System.Net.HttpWebRequest.EndGetResponse(IAsyncResult asyncResult)
   at System.Net.Http.HttpClientHandler.GetResponseCallback(IAsyncResult ar)
   --- End of inner exception stack trace ---
   --- End of inner exception stack trace ---
   at System.Threading.Tasks.Task.ThrowIfExceptional(Boolean includeTaskCanceledExceptions)
   at System.Threading.Tasks.Task`1.GetResultCore(Boolean waitCompletionNotification)
   at System.Threading.Tasks.Task`1.get_Result()
   at CloudApiClient.Http.WebClient.GetRaw(String url, Dictionary`2 headers)
   at CloudApiClient.Http.WebClient.Get(String url, Dictionary`2 headers)
   at FMSConfig.ConfigTab.DeleteOnlineTag()
---> (Inner Exception #0) System.Net.Http.HttpRequestException: An error occurred while sending the request. ---> System.Net.WebException: The request was aborted: Could not create SSL/TLS secure channel.
   at System.Net.HttpWebRequest.EndGetResponse(IAsyncResult asyncResult)
   at System.Net.Http.HttpClientHandler.GetResponseCallback(IAsyncResult ar)
   --- End of inner exception stack trace ---<---

2023-02-28 16:20:46,377 [1] ERROR FMSConfig.ConfigTab - System.AggregateException: One or more errors occurred. ---> System.Net.Http.HttpRequestException: An error occurred while sending the request. ---> System.Net.WebException: The request was aborted: Could not create SSL/TLS secure channel.
   at System.Net.HttpWebRequest.EndGetResponse(IAsyncResult asyncResult)
   at System.Net.Http.HttpClientHandler.GetResponseCallback(IAsyncResult ar)
   --- End of inner exception stack trace ---
   --- End of inner exception stack trace ---
   at System.Threading.Tasks.Task.ThrowIfExceptional(Boolean includeTaskCanceledExceptions)
   at System.Threading.Tasks.Task`1.GetResultCore(Boolean waitCompletionNotification)
   at System.Threading.Tasks.Task`1.get_Result()
   at CloudApiClient.Http.WebClient.GetRaw(String url, Dictionary`2 headers)
   at CloudApiClient.Http.WebClient.Get(String url, Dictionary`2 headers)
   at FMSConfig.ConfigTab.DeleteOnlineTag()
---> (Inner Exception #0) System.Net.Http.HttpRequestException: An error occurred while sending the request. ---> System.Net.WebException: The request was aborted: Could not create SSL/TLS secure channel.
   at System.Net.HttpWebRequest.EndGetResponse(IAsyncResult asyncResult)
   at System.Net.Http.HttpClientHandler.GetResponseCallback(IAsyncResult ar)
   --- End of inner exception stack trace ---<---

2023-02-28 16:20:46,839 [1] ERROR FMSConfig.ConfigTab - System.AggregateException: One or more errors occurred. ---> System.Net.Http.HttpRequestException: An error occurred while sending the request. ---> System.Net.WebException: The request was aborted: Could not create SSL/TLS secure channel.
   at System.Net.HttpWebRequest.EndGetResponse(IAsyncResult asyncResult)
   at System.Net.Http.HttpClientHandler.GetResponseCallback(IAsyncResult ar)
   --- End of inner exception stack trace ---
   --- End of inner exception stack trace ---
   at System.Threading.Tasks.Task.ThrowIfExceptional(Boolean includeTaskCanceledExceptions)
   at System.Threading.Tasks.Task`1.GetResultCore(Boolean waitCompletionNotification)
   at System.Threading.Tasks.Task`1.get_Result()
   at CloudApiClient.Http.WebClient.GetRaw(String url, Dictionary`2 headers)
   at CloudApiClient.Http.WebClient.Get(String url, Dictionary`2 headers)
   at FMSConfig.ConfigTab.DeleteOnlineTag()
---> (Inner Exception #0) System.Net.Http.HttpRequestException: An error occurred while sending the request. ---> System.Net.WebException: The request was aborted: Could not create SSL/TLS secure channel.
   at System.Net.HttpWebRequest.EndGetResponse(IAsyncResult asyncResult)
   at System.Net.Http.HttpClientHandler.GetResponseCallback(IAsyncResult ar)
   --- End of inner exception stack trace ---<---

2023-02-28 16:20:47,302 [1] ERROR FMSConfig.ConfigTab - System.AggregateException: One or more errors occurred. ---> System.Net.Http.HttpRequestException: An error occurred while sending the request. ---> System.Net.WebException: The request was aborted: Could not create SSL/TLS secure channel.
   at System.Net.HttpWebRequest.EndGetResponse(IAsyncResult asyncResult)
   at System.Net.Http.HttpClientHandler.GetResponseCallback(IAsyncResult ar)
   --- End of inner exception stack trace ---
   --- End of inner exception stack trace ---
   at System.Threading.Tasks.Task.ThrowIfExceptional(Boolean includeTaskCanceledExceptions)
   at System.Threading.Tasks.Task`1.GetResultCore(Boolean waitCompletionNotification)
   at System.Threading.Tasks.Task`1.get_Result()
   at CloudApiClient.Http.WebClient.GetRaw(String url, Dictionary`2 headers)
   at CloudApiClient.Http.WebClient.Get(String url, Dictionary`2 headers)
   at FMSConfig.ConfigTab.DeleteOnlineTag()
---> (Inner Exception #0) System.Net.Http.HttpRequestException: An error occurred while sending the request. ---> System.Net.WebException: The request was aborted: Could not create SSL/TLS secure channel.
   at System.Net.HttpWebRequest.EndGetResponse(IAsyncResult asyncResult)
   at System.Net.Http.HttpClientHandler.GetResponseCallback(IAsyncResult ar)
   --- End of inner exception stack trace ---<---

2023-02-28 16:20:47,752 [1] ERROR FMSConfig.ConfigTab - System.AggregateException: One or more errors occurred. ---> System.Net.Http.HttpRequestException: An error occurred while sending the request. ---> System.Net.WebException: The request was aborted: Could not create SSL/TLS secure channel.
   at System.Net.HttpWebRequest.EndGetResponse(IAsyncResult asyncResult)
   at System.Net.Http.HttpClientHandler.GetResponseCallback(IAsyncResult ar)
   --- End of inner exception stack trace ---
   --- End of inner exception stack trace ---
   at System.Threading.Tasks.Task.ThrowIfExceptional(Boolean includeTaskCanceledExceptions)
   at System.Threading.Tasks.Task`1.GetResultCore(Boolean waitCompletionNotification)
   at System.Threading.Tasks.Task`1.get_Result()
   at CloudApiClient.Http.WebClient.GetRaw(String url, Dictionary`2 headers)
   at CloudApiClient.Http.WebClient.Get(String url, Dictionary`2 headers)
   at FMSConfig.ConfigTab.DeleteOnlineTag()
---> (Inner Exception #0) System.Net.Http.HttpRequestException: An error occurred while sending the request. ---> System.Net.WebException: The request was aborted: Could not create SSL/TLS secure channel.
   at System.Net.HttpWebRequest.EndGetResponse(IAsyncResult asyncResult)
   at System.Net.Http.HttpClientHandler.GetResponseCallback(IAsyncResult ar)
   --- End of inner exception stack trace ---<---

2023-02-28 16:20:48,217 [1] ERROR FMSConfig.ConfigTab - System.AggregateException: One or more errors occurred. ---> System.Net.Http.HttpRequestException: An error occurred while sending the request. ---> System.Net.WebException: The request was aborted: Could not create SSL/TLS secure channel.
   at System.Net.HttpWebRequest.EndGetResponse(IAsyncResult asyncResult)
   at System.Net.Http.HttpClientHandler.GetResponseCallback(IAsyncResult ar)
   --- End of inner exception stack trace ---
   --- End of inner exception stack trace ---
   at System.Threading.Tasks.Task.ThrowIfExceptional(Boolean includeTaskCanceledExceptions)
   at System.Threading.Tasks.Task`1.GetResultCore(Boolean waitCompletionNotification)
   at System.Threading.Tasks.Task`1.get_Result()
   at CloudApiClient.Http.WebClient.GetRaw(String url, Dictionary`2 headers)
   at CloudApiClient.Http.WebClient.Get(String url, Dictionary`2 headers)
   at FMSConfig.ConfigTab.DeleteOnlineTag()
---> (Inner Exception #0) System.Net.Http.HttpRequestException: An error occurred while sending the request. ---> System.Net.WebException: The request was aborted: Could not create SSL/TLS secure channel.
   at System.Net.HttpWebRequest.EndGetResponse(IAsyncResult asyncResult)
   at System.Net.Http.HttpClientHandler.GetResponseCallback(IAsyncResult ar)
   --- End of inner exception stack trace ---<---

2023-02-28 16:20:58,061 [1] ERROR FMSConfig.ConfigTab - System.AggregateException: One or more errors occurred. ---> System.Net.Http.HttpRequestException: An error occurred while sending the request. ---> System.Net.WebException: The request was aborted: Could not create SSL/TLS secure channel.
   at System.Net.HttpWebRequest.EndGetResponse(IAsyncResult asyncResult)
   at System.Net.Http.HttpClientHandler.GetResponseCallback(IAsyncResult ar)
   --- End of inner exception stack trace ---
   --- End of inner exception stack trace ---
   at System.Threading.Tasks.Task.ThrowIfExceptional(Boolean includeTaskCanceledExceptions)
   at System.Threading.Tasks.Task`1.GetResultCore(Boolean waitCompletionNotification)
   at System.Threading.Tasks.Task`1.get_Result()
   at CloudApiClient.Http.WebClient.GetRaw(String url, Dictionary`2 headers)
   at CloudApiClient.Http.WebClient.Get(String url, Dictionary`2 headers)
   at FMSConfig.ConfigTab.DeleteOnlineTag()
---> (Inner Exception #0) System.Net.Http.HttpRequestException: An error occurred while sending the request. ---> System.Net.WebException: The request was aborted: Could not create SSL/TLS secure channel.
   at System.Net.HttpWebRequest.EndGetResponse(IAsyncResult asyncResult)
   at System.Net.Http.HttpClientHandler.GetResponseCallback(IAsyncResult ar)
   --- End of inner exception stack trace ---<---

2023-02-28 16:20:58,538 [1] ERROR FMSConfig.ConfigTab - System.AggregateException: One or more errors occurred. ---> System.Net.Http.HttpRequestException: An error occurred while sending the request. ---> System.Net.WebException: The request was aborted: Could not create SSL/TLS secure channel.
   at System.Net.HttpWebRequest.EndGetResponse(IAsyncResult asyncResult)
   at System.Net.Http.HttpClientHandler.GetResponseCallback(IAsyncResult ar)
   --- End of inner exception stack trace ---
   --- End of inner exception stack trace ---
   at System.Threading.Tasks.Task.ThrowIfExceptional(Boolean includeTaskCanceledExceptions)
   at System.Threading.Tasks.Task`1.GetResultCore(Boolean waitCompletionNotification)
   at System.Threading.Tasks.Task`1.get_Result()
   at CloudApiClient.Http.WebClient.GetRaw(String url, Dictionary`2 headers)
   at CloudApiClient.Http.WebClient.Get(String url, Dictionary`2 headers)
   at FMSConfig.ConfigTab.DeleteOnlineTag()
---> (Inner Exception #0) System.Net.Http.HttpRequestException: An error occurred while sending the request. ---> System.Net.WebException: The request was aborted: Could not create SSL/TLS secure channel.
   at System.Net.HttpWebRequest.EndGetResponse(IAsyncResult asyncResult)
   at System.Net.Http.HttpClientHandler.GetResponseCallback(IAsyncResult ar)
   --- End of inner exception stack trace ---<---

2023-02-28 16:20:59,005 [1] ERROR FMSConfig.ConfigTab - System.AggregateException: One or more errors occurred. ---> System.Net.Http.HttpRequestException: An error occurred while sending the request. ---> System.Net.WebException: The request was aborted: Could not create SSL/TLS secure channel.
   at System.Net.HttpWebRequest.EndGetResponse(IAsyncResult asyncResult)
   at System.Net.Http.HttpClientHandler.GetResponseCallback(IAsyncResult ar)
   --- End of inner exception stack trace ---
   --- End of inner exception stack trace ---
   at System.Threading.Tasks.Task.ThrowIfExceptional(Boolean includeTaskCanceledExceptions)
   at System.Threading.Tasks.Task`1.GetResultCore(Boolean waitCompletionNotification)
   at System.Threading.Tasks.Task`1.get_Result()
   at CloudApiClient.Http.WebClient.GetRaw(String url, Dictionary`2 headers)
   at CloudApiClient.Http.WebClient.Get(String url, Dictionary`2 headers)
   at FMSConfig.ConfigTab.DeleteOnlineTag()
---> (Inner Exception #0) System.Net.Http.HttpRequestException: An error occurred while sending the request. ---> System.Net.WebException: The request was aborted: Could not create SSL/TLS secure channel.
   at System.Net.HttpWebRequest.EndGetResponse(IAsyncResult asyncResult)
   at System.Net.Http.HttpClientHandler.GetResponseCallback(IAsyncResult ar)
   --- End of inner exception stack trace ---<---

2023-02-28 16:20:59,453 [1] ERROR FMSConfig.ConfigTab - System.AggregateException: One or more errors occurred. ---> System.Net.Http.HttpRequestException: An error occurred while sending the request. ---> System.Net.WebException: The request was aborted: Could not create SSL/TLS secure channel.
   at System.Net.HttpWebRequest.EndGetResponse(IAsyncResult asyncResult)
   at System.Net.Http.HttpClientHandler.GetResponseCallback(IAsyncResult ar)
   --- End of inner exception stack trace ---
   --- End of inner exception stack trace ---
   at System.Threading.Tasks.Task.ThrowIfExceptional(Boolean includeTaskCanceledExceptions)
   at System.Threading.Tasks.Task`1.GetResultCore(Boolean waitCompletionNotification)
   at System.Threading.Tasks.Task`1.get_Result()
   at CloudApiClient.Http.WebClient.GetRaw(String url, Dictionary`2 headers)
   at CloudApiClient.Http.WebClient.Get(String url, Dictionary`2 headers)
   at FMSConfig.ConfigTab.DeleteOnlineTag()
---> (Inner Exception #0) System.Net.Http.HttpRequestException: An error occurred while sending the request. ---> System.Net.WebException: The request was aborted: Could not create SSL/TLS secure channel.
   at System.Net.HttpWebRequest.EndGetResponse(IAsyncResult asyncResult)
   at System.Net.Http.HttpClientHandler.GetResponseCallback(IAsyncResult ar)
   --- End of inner exception stack trace ---<---

2023-02-28 16:20:59,925 [1] ERROR FMSConfig.ConfigTab - System.AggregateException: One or more errors occurred. ---> System.Net.Http.HttpRequestException: An error occurred while sending the request. ---> System.Net.WebException: The request was aborted: Could not create SSL/TLS secure channel.
   at System.Net.HttpWebRequest.EndGetResponse(IAsyncResult asyncResult)
   at System.Net.Http.HttpClientHandler.GetResponseCallback(IAsyncResult ar)
   --- End of inner exception stack trace ---
   --- End of inner exception stack trace ---
   at System.Threading.Tasks.Task.ThrowIfExceptional(Boolean includeTaskCanceledExceptions)
   at System.Threading.Tasks.Task`1.GetResultCore(Boolean waitCompletionNotification)
   at System.Threading.Tasks.Task`1.get_Result()
   at CloudApiClient.Http.WebClient.GetRaw(String url, Dictionary`2 headers)
   at CloudApiClient.Http.WebClient.Get(String url, Dictionary`2 headers)
   at FMSConfig.ConfigTab.DeleteOnlineTag()
---> (Inner Exception #0) System.Net.Http.HttpRequestException: An error occurred while sending the request. ---> System.Net.WebException: The request was aborted: Could not create SSL/TLS secure channel.
   at System.Net.HttpWebRequest.EndGetResponse(IAsyncResult asyncResult)
   at System.Net.Http.HttpClientHandler.GetResponseCallback(IAsyncResult ar)
   --- End of inner exception stack trace ---<---

2023-02-28 16:21:00,376 [1] ERROR FMSConfig.ConfigTab - System.AggregateException: One or more errors occurred. ---> System.Net.Http.HttpRequestException: An error occurred while sending the request. ---> System.Net.WebException: The request was aborted: Could not create SSL/TLS secure channel.
   at System.Net.HttpWebRequest.EndGetResponse(IAsyncResult asyncResult)
   at System.Net.Http.HttpClientHandler.GetResponseCallback(IAsyncResult ar)
   --- End of inner exception stack trace ---
   --- End of inner exception stack trace ---
   at System.Threading.Tasks.Task.ThrowIfExceptional(Boolean includeTaskCanceledExceptions)
   at System.Threading.Tasks.Task`1.GetResultCore(Boolean waitCompletionNotification)
   at System.Threading.Tasks.Task`1.get_Result()
   at CloudApiClient.Http.WebClient.GetRaw(String url, Dictionary`2 headers)
   at CloudApiClient.Http.WebClient.Get(String url, Dictionary`2 headers)
   at FMSConfig.ConfigTab.DeleteOnlineTag()
---> (Inner Exception #0) System.Net.Http.HttpRequestException: An error occurred while sending the request. ---> System.Net.WebException: The request was aborted: Could not create SSL/TLS secure channel.
   at System.Net.HttpWebRequest.EndGetResponse(IAsyncResult asyncResult)
   at System.Net.Http.HttpClientHandler.GetResponseCallback(IAsyncResult ar)
   --- End of inner exception stack trace ---<---

2023-02-28 16:21:00,838 [1] ERROR FMSConfig.ConfigTab - System.AggregateException: One or more errors occurred. ---> System.Net.Http.HttpRequestException: An error occurred while sending the request. ---> System.Net.WebException: The request was aborted: Could not create SSL/TLS secure channel.
   at System.Net.HttpWebRequest.EndGetResponse(IAsyncResult asyncResult)
   at System.Net.Http.HttpClientHandler.GetResponseCallback(IAsyncResult ar)
   --- End of inner exception stack trace ---
   --- End of inner exception stack trace ---
   at System.Threading.Tasks.Task.ThrowIfExceptional(Boolean includeTaskCanceledExceptions)
   at System.Threading.Tasks.Task`1.GetResultCore(Boolean waitCompletionNotification)
   at System.Threading.Tasks.Task`1.get_Result()
   at CloudApiClient.Http.WebClient.GetRaw(String url, Dictionary`2 headers)
   at CloudApiClient.Http.WebClient.Get(String url, Dictionary`2 headers)
   at FMSConfig.ConfigTab.DeleteOnlineTag()
---> (Inner Exception #0) System.Net.Http.HttpRequestException: An error occurred while sending the request. ---> System.Net.WebException: The request was aborted: Could not create SSL/TLS secure channel.
   at System.Net.HttpWebRequest.EndGetResponse(IAsyncResult asyncResult)
   at System.Net.Http.HttpClientHandler.GetResponseCallback(IAsyncResult ar)
   --- End of inner exception stack trace ---<---

2023-02-28 16:21:30,402 [1] ERROR FMSConfig.ConfigTab - System.AggregateException: One or more errors occurred. ---> System.Net.Http.HttpRequestException: An error occurred while sending the request. ---> System.Net.WebException: The request was aborted: Could not create SSL/TLS secure channel.
   at System.Net.HttpWebRequest.EndGetResponse(IAsyncResult asyncResult)
   at System.Net.Http.HttpClientHandler.GetResponseCallback(IAsyncResult ar)
   --- End of inner exception stack trace ---
   --- End of inner exception stack trace ---
   at System.Threading.Tasks.Task.ThrowIfExceptional(Boolean includeTaskCanceledExceptions)
   at System.Threading.Tasks.Task`1.GetResultCore(Boolean waitCompletionNotification)
   at System.Threading.Tasks.Task`1.get_Result()
   at CloudApiClient.Http.WebClient.GetRaw(String url, Dictionary`2 headers)
   at CloudApiClient.Http.WebClient.Get(String url, Dictionary`2 headers)
   at FMSConfig.ConfigTab.DeleteOnlineTag()
---> (Inner Exception #0) System.Net.Http.HttpRequestException: An error occurred while sending the request. ---> System.Net.WebException: The request was aborted: Could not create SSL/TLS secure channel.
   at System.Net.HttpWebRequest.EndGetResponse(IAsyncResult asyncResult)
   at System.Net.Http.HttpClientHandler.GetResponseCallback(IAsyncResult ar)
   --- End of inner exception stack trace ---<---

2023-02-28 16:21:30,867 [1] ERROR FMSConfig.ConfigTab - System.AggregateException: One or more errors occurred. ---> System.Net.Http.HttpRequestException: An error occurred while sending the request. ---> System.Net.WebException: The request was aborted: Could not create SSL/TLS secure channel.
   at System.Net.HttpWebRequest.EndGetResponse(IAsyncResult asyncResult)
   at System.Net.Http.HttpClientHandler.GetResponseCallback(IAsyncResult ar)
   --- End of inner exception stack trace ---
   --- End of inner exception stack trace ---
   at System.Threading.Tasks.Task.ThrowIfExceptional(Boolean includeTaskCanceledExceptions)
   at System.Threading.Tasks.Task`1.GetResultCore(Boolean waitCompletionNotification)
   at System.Threading.Tasks.Task`1.get_Result()
   at CloudApiClient.Http.WebClient.GetRaw(String url, Dictionary`2 headers)
   at CloudApiClient.Http.WebClient.Get(String url, Dictionary`2 headers)
   at FMSConfig.ConfigTab.DeleteOnlineTag()
---> (Inner Exception #0) System.Net.Http.HttpRequestException: An error occurred while sending the request. ---> System.Net.WebException: The request was aborted: Could not create SSL/TLS secure channel.
   at System.Net.HttpWebRequest.EndGetResponse(IAsyncResult asyncResult)
   at System.Net.Http.HttpClientHandler.GetResponseCallback(IAsyncResult ar)
   --- End of inner exception stack trace ---<---

2023-02-28 16:21:31,329 [1] ERROR FMSConfig.ConfigTab - System.AggregateException: One or more errors occurred. ---> System.Net.Http.HttpRequestException: An error occurred while sending the request. ---> System.Net.WebException: The request was aborted: Could not create SSL/TLS secure channel.
   at System.Net.HttpWebRequest.EndGetResponse(IAsyncResult asyncResult)
   at System.Net.Http.HttpClientHandler.GetResponseCallback(IAsyncResult ar)
   --- End of inner exception stack trace ---
   --- End of inner exception stack trace ---
   at System.Threading.Tasks.Task.ThrowIfExceptional(Boolean includeTaskCanceledExceptions)
   at System.Threading.Tasks.Task`1.GetResultCore(Boolean waitCompletionNotification)
   at System.Threading.Tasks.Task`1.get_Result()
   at CloudApiClient.Http.WebClient.GetRaw(String url, Dictionary`2 headers)
   at CloudApiClient.Http.WebClient.Get(String url, Dictionary`2 headers)
   at FMSConfig.ConfigTab.DeleteOnlineTag()
---> (Inner Exception #0) System.Net.Http.HttpRequestException: An error occurred while sending the request. ---> System.Net.WebException: The request was aborted: Could not create SSL/TLS secure channel.
   at System.Net.HttpWebRequest.EndGetResponse(IAsyncResult asyncResult)
   at System.Net.Http.HttpClientHandler.GetResponseCallback(IAsyncResult ar)
   --- End of inner exception stack trace ---<---

2023-02-28 16:21:31,777 [1] ERROR FMSConfig.ConfigTab - System.AggregateException: One or more errors occurred. ---> System.Net.Http.HttpRequestException: An error occurred while sending the request. ---> System.Net.WebException: The request was aborted: Could not create SSL/TLS secure channel.
   at System.Net.HttpWebRequest.EndGetResponse(IAsyncResult asyncResult)
   at System.Net.Http.HttpClientHandler.GetResponseCallback(IAsyncResult ar)
   --- End of inner exception stack trace ---
   --- End of inner exception stack trace ---
   at System.Threading.Tasks.Task.ThrowIfExceptional(Boolean includeTaskCanceledExceptions)
   at System.Threading.Tasks.Task`1.GetResultCore(Boolean waitCompletionNotification)
   at System.Threading.Tasks.Task`1.get_Result()
   at CloudApiClient.Http.WebClient.GetRaw(String url, Dictionary`2 headers)
   at CloudApiClient.Http.WebClient.Get(String url, Dictionary`2 headers)
   at FMSConfig.ConfigTab.DeleteOnlineTag()
---> (Inner Exception #0) System.Net.Http.HttpRequestException: An error occurred while sending the request. ---> System.Net.WebException: The request was aborted: Could not create SSL/TLS secure channel.
   at System.Net.HttpWebRequest.EndGetResponse(IAsyncResult asyncResult)
   at System.Net.Http.HttpClientHandler.GetResponseCallback(IAsyncResult ar)
   --- End of inner exception stack trace ---<---

2023-02-28 16:21:32,239 [1] ERROR FMSConfig.ConfigTab - System.AggregateException: One or more errors occurred. ---> System.Net.Http.HttpRequestException: An error occurred while sending the request. ---> System.Net.WebException: The request was aborted: Could not create SSL/TLS secure channel.
   at System.Net.HttpWebRequest.EndGetResponse(IAsyncResult asyncResult)
   at System.Net.Http.HttpClientHandler.GetResponseCallback(IAsyncResult ar)
   --- End of inner exception stack trace ---
   --- End of inner exception stack trace ---
   at System.Threading.Tasks.Task.ThrowIfExceptional(Boolean includeTaskCanceledExceptions)
   at System.Threading.Tasks.Task`1.GetResultCore(Boolean waitCompletionNotification)
   at System.Threading.Tasks.Task`1.get_Result()
   at CloudApiClient.Http.WebClient.GetRaw(String url, Dictionary`2 headers)
   at CloudApiClient.Http.WebClient.Get(String url, Dictionary`2 headers)
   at FMSConfig.ConfigTab.DeleteOnlineTag()
---> (Inner Exception #0) System.Net.Http.HttpRequestException: An error occurred while sending the request. ---> System.Net.WebException: The request was aborted: Could not create SSL/TLS secure channel.
   at System.Net.HttpWebRequest.EndGetResponse(IAsyncResult asyncResult)
   at System.Net.Http.HttpClientHandler.GetResponseCallback(IAsyncResult ar)
   --- End of inner exception stack trace ---<---

2023-02-28 16:21:32,704 [1] ERROR FMSConfig.ConfigTab - System.AggregateException: One or more errors occurred. ---> System.Net.Http.HttpRequestException: An error occurred while sending the request. ---> System.Net.WebException: The request was aborted: Could not create SSL/TLS secure channel.
   at System.Net.HttpWebRequest.EndGetResponse(IAsyncResult asyncResult)
   at System.Net.Http.HttpClientHandler.GetResponseCallback(IAsyncResult ar)
   --- End of inner exception stack trace ---
   --- End of inner exception stack trace ---
   at System.Threading.Tasks.Task.ThrowIfExceptional(Boolean includeTaskCanceledExceptions)
   at System.Threading.Tasks.Task`1.GetResultCore(Boolean waitCompletionNotification)
   at System.Threading.Tasks.Task`1.get_Result()
   at CloudApiClient.Http.WebClient.GetRaw(String url, Dictionary`2 headers)
   at CloudApiClient.Http.WebClient.Get(String url, Dictionary`2 headers)
   at FMSConfig.ConfigTab.DeleteOnlineTag()
---> (Inner Exception #0) System.Net.Http.HttpRequestException: An error occurred while sending the request. ---> System.Net.WebException: The request was aborted: Could not create SSL/TLS secure channel.
   at System.Net.HttpWebRequest.EndGetResponse(IAsyncResult asyncResult)
   at System.Net.Http.HttpClientHandler.GetResponseCallback(IAsyncResult ar)
   --- End of inner exception stack trace ---<---

2023-02-28 16:21:33,165 [1] ERROR FMSConfig.ConfigTab - System.AggregateException: One or more errors occurred. ---> System.Net.Http.HttpRequestException: An error occurred while sending the request. ---> System.Net.WebException: The request was aborted: Could not create SSL/TLS secure channel.
   at System.Net.HttpWebRequest.EndGetResponse(IAsyncResult asyncResult)
   at System.Net.Http.HttpClientHandler.GetResponseCallback(IAsyncResult ar)
   --- End of inner exception stack trace ---
   --- End of inner exception stack trace ---
   at System.Threading.Tasks.Task.ThrowIfExceptional(Boolean includeTaskCanceledExceptions)
   at System.Threading.Tasks.Task`1.GetResultCore(Boolean waitCompletionNotification)
   at System.Threading.Tasks.Task`1.get_Result()
   at CloudApiClient.Http.WebClient.GetRaw(String url, Dictionary`2 headers)
   at CloudApiClient.Http.WebClient.Get(String url, Dictionary`2 headers)
   at FMSConfig.ConfigTab.DeleteOnlineTag()
---> (Inner Exception #0) System.Net.Http.HttpRequestException: An error occurred while sending the request. ---> System.Net.WebException: The request was aborted: Could not create SSL/TLS secure channel.
   at System.Net.HttpWebRequest.EndGetResponse(IAsyncResult asyncResult)
   at System.Net.Http.HttpClientHandler.GetResponseCallback(IAsyncResult ar)
   --- End of inner exception stack trace ---<---

2023-02-28 16:21:33,620 [1] ERROR FMSConfig.ConfigTab - System.AggregateException: One or more errors occurred. ---> System.Net.Http.HttpRequestException: An error occurred while sending the request. ---> System.Net.WebException: The request was aborted: Could not create SSL/TLS secure channel.
   at System.Net.HttpWebRequest.EndGetResponse(IAsyncResult asyncResult)
   at System.Net.Http.HttpClientHandler.GetResponseCallback(IAsyncResult ar)
   --- End of inner exception stack trace ---
   --- End of inner exception stack trace ---
   at System.Threading.Tasks.Task.ThrowIfExceptional(Boolean includeTaskCanceledExceptions)
   at System.Threading.Tasks.Task`1.GetResultCore(Boolean waitCompletionNotification)
   at System.Threading.Tasks.Task`1.get_Result()
   at CloudApiClient.Http.WebClient.GetRaw(String url, Dictionary`2 headers)
   at CloudApiClient.Http.WebClient.Get(String url, Dictionary`2 headers)
   at FMSConfig.ConfigTab.DeleteOnlineTag()
---> (Inner Exception #0) System.Net.Http.HttpRequestException: An error occurred while sending the request. ---> System.Net.WebException: The request was aborted: Could not create SSL/TLS secure channel.
   at System.Net.HttpWebRequest.EndGetResponse(IAsyncResult asyncResult)
   at System.Net.Http.HttpClientHandler.GetResponseCallback(IAsyncResult ar)
   --- End of inner exception stack trace ---<---

2023-02-28 16:21:34,105 [1] ERROR FMSConfig.ConfigTab - System.AggregateException: One or more errors occurred. ---> System.Net.Http.HttpRequestException: An error occurred while sending the request. ---> System.Net.WebException: The request was aborted: Could not create SSL/TLS secure channel.
   at System.Net.HttpWebRequest.EndGetResponse(IAsyncResult asyncResult)
   at System.Net.Http.HttpClientHandler.GetResponseCallback(IAsyncResult ar)
   --- End of inner exception stack trace ---
   --- End of inner exception stack trace ---
   at System.Threading.Tasks.Task.ThrowIfExceptional(Boolean includeTaskCanceledExceptions)
   at System.Threading.Tasks.Task`1.GetResultCore(Boolean waitCompletionNotification)
   at System.Threading.Tasks.Task`1.get_Result()
   at CloudApiClient.Http.WebClient.GetRaw(String url, Dictionary`2 headers)
   at CloudApiClient.Http.WebClient.Get(String url, Dictionary`2 headers)
   at FMSConfig.ConfigTab.DeleteOnlineTag()
---> (Inner Exception #0) System.Net.Http.HttpRequestException: An error occurred while sending the request. ---> System.Net.WebException: The request was aborted: Could not create SSL/TLS secure channel.
   at System.Net.HttpWebRequest.EndGetResponse(IAsyncResult asyncResult)
   at System.Net.Http.HttpClientHandler.GetResponseCallback(IAsyncResult ar)
   --- End of inner exception stack trace ---<---

2023-02-28 16:21:34,570 [1] ERROR FMSConfig.ConfigTab - System.AggregateException: One or more errors occurred. ---> System.Net.Http.HttpRequestException: An error occurred while sending the request. ---> System.Net.WebException: The request was aborted: Could not create SSL/TLS secure channel.
   at System.Net.HttpWebRequest.EndGetResponse(IAsyncResult asyncResult)
   at System.Net.Http.HttpClientHandler.GetResponseCallback(IAsyncResult ar)
   --- End of inner exception stack trace ---
   --- End of inner exception stack trace ---
   at System.Threading.Tasks.Task.ThrowIfExceptional(Boolean includeTaskCanceledExceptions)
   at System.Threading.Tasks.Task`1.GetResultCore(Boolean waitCompletionNotification)
   at System.Threading.Tasks.Task`1.get_Result()
   at CloudApiClient.Http.WebClient.GetRaw(String url, Dictionary`2 headers)
   at CloudApiClient.Http.WebClient.Get(String url, Dictionary`2 headers)
   at FMSConfig.ConfigTab.DeleteOnlineTag()
---> (Inner Exception #0) System.Net.Http.HttpRequestException: An error occurred while sending the request. ---> System.Net.WebException: The request was aborted: Could not create SSL/TLS secure channel.
   at System.Net.HttpWebRequest.EndGetResponse(IAsyncResult asyncResult)
   at System.Net.Http.HttpClientHandler.GetResponseCallback(IAsyncResult ar)
   --- End of inner exception stack trace ---<---

2023-02-28 16:21:35,004 [1] ERROR FMSConfig.ConfigTab - System.AggregateException: One or more errors occurred. ---> System.Net.Http.HttpRequestException: An error occurred while sending the request. ---> System.Net.WebException: The request was aborted: Could not create SSL/TLS secure channel.
   at System.Net.HttpWebRequest.EndGetResponse(IAsyncResult asyncResult)
   at System.Net.Http.HttpClientHandler.GetResponseCallback(IAsyncResult ar)
   --- End of inner exception stack trace ---
   --- End of inner exception stack trace ---
   at System.Threading.Tasks.Task.ThrowIfExceptional(Boolean includeTaskCanceledExceptions)
   at System.Threading.Tasks.Task`1.GetResultCore(Boolean waitCompletionNotification)
   at System.Threading.Tasks.Task`1.get_Result()
   at CloudApiClient.Http.WebClient.GetRaw(String url, Dictionary`2 headers)
   at CloudApiClient.Http.WebClient.Get(String url, Dictionary`2 headers)
   at FMSConfig.ConfigTab.DeleteOnlineTag()
---> (Inner Exception #0) System.Net.Http.HttpRequestException: An error occurred while sending the request. ---> System.Net.WebException: The request was aborted: Could not create SSL/TLS secure channel.
   at System.Net.HttpWebRequest.EndGetResponse(IAsyncResult asyncResult)
   at System.Net.Http.HttpClientHandler.GetResponseCallback(IAsyncResult ar)
   --- End of inner exception stack trace ---<---

2023-02-28 16:21:35,469 [1] ERROR FMSConfig.ConfigTab - System.AggregateException: One or more errors occurred. ---> System.Net.Http.HttpRequestException: An error occurred while sending the request. ---> System.Net.WebException: The request was aborted: Could not create SSL/TLS secure channel.
   at System.Net.HttpWebRequest.EndGetResponse(IAsyncResult asyncResult)
   at System.Net.Http.HttpClientHandler.GetResponseCallback(IAsyncResult ar)
   --- End of inner exception stack trace ---
   --- End of inner exception stack trace ---
   at System.Threading.Tasks.Task.ThrowIfExceptional(Boolean includeTaskCanceledExceptions)
   at System.Threading.Tasks.Task`1.GetResultCore(Boolean waitCompletionNotification)
   at System.Threading.Tasks.Task`1.get_Result()
   at CloudApiClient.Http.WebClient.GetRaw(String url, Dictionary`2 headers)
   at CloudApiClient.Http.WebClient.Get(String url, Dictionary`2 headers)
   at FMSConfig.ConfigTab.DeleteOnlineTag()
---> (Inner Exception #0) System.Net.Http.HttpRequestException: An error occurred while sending the request. ---> System.Net.WebException: The request was aborted: Could not create SSL/TLS secure channel.
   at System.Net.HttpWebRequest.EndGetResponse(IAsyncResult asyncResult)
   at System.Net.Http.HttpClientHandler.GetResponseCallback(IAsyncResult ar)
   --- End of inner exception stack trace ---<---

2023-02-28 16:21:35,920 [1] ERROR FMSConfig.ConfigTab - System.AggregateException: One or more errors occurred. ---> System.Net.Http.HttpRequestException: An error occurred while sending the request. ---> System.Net.WebException: The request was aborted: Could not create SSL/TLS secure channel.
   at System.Net.HttpWebRequest.EndGetResponse(IAsyncResult asyncResult)
   at System.Net.Http.HttpClientHandler.GetResponseCallback(IAsyncResult ar)
   --- End of inner exception stack trace ---
   --- End of inner exception stack trace ---
   at System.Threading.Tasks.Task.ThrowIfExceptional(Boolean includeTaskCanceledExceptions)
   at System.Threading.Tasks.Task`1.GetResultCore(Boolean waitCompletionNotification)
   at System.Threading.Tasks.Task`1.get_Result()
   at CloudApiClient.Http.WebClient.GetRaw(String url, Dictionary`2 headers)
   at CloudApiClient.Http.WebClient.Get(String url, Dictionary`2 headers)
   at FMSConfig.ConfigTab.DeleteOnlineTag()
---> (Inner Exception #0) System.Net.Http.HttpRequestException: An error occurred while sending the request. ---> System.Net.WebException: The request was aborted: Could not create SSL/TLS secure channel.
   at System.Net.HttpWebRequest.EndGetResponse(IAsyncResult asyncResult)
   at System.Net.Http.HttpClientHandler.GetResponseCallback(IAsyncResult ar)
   --- End of inner exception stack trace ---<---

2023-02-28 16:21:36,378 [1] ERROR FMSConfig.ConfigTab - System.AggregateException: One or more errors occurred. ---> System.Net.Http.HttpRequestException: An error occurred while sending the request. ---> System.Net.WebException: The request was aborted: Could not create SSL/TLS secure channel.
   at System.Net.HttpWebRequest.EndGetResponse(IAsyncResult asyncResult)
   at System.Net.Http.HttpClientHandler.GetResponseCallback(IAsyncResult ar)
   --- End of inner exception stack trace ---
   --- End of inner exception stack trace ---
   at System.Threading.Tasks.Task.ThrowIfExceptional(Boolean includeTaskCanceledExceptions)
   at System.Threading.Tasks.Task`1.GetResultCore(Boolean waitCompletionNotification)
   at System.Threading.Tasks.Task`1.get_Result()
   at CloudApiClient.Http.WebClient.GetRaw(String url, Dictionary`2 headers)
   at CloudApiClient.Http.WebClient.Get(String url, Dictionary`2 headers)
   at FMSConfig.ConfigTab.DeleteOnlineTag()
---> (Inner Exception #0) System.Net.Http.HttpRequestException: An error occurred while sending the request. ---> System.Net.WebException: The request was aborted: Could not create SSL/TLS secure channel.
   at System.Net.HttpWebRequest.EndGetResponse(IAsyncResult asyncResult)
   at System.Net.Http.HttpClientHandler.GetResponseCallback(IAsyncResult ar)
   --- End of inner exception stack trace ---<---

2023-02-28 16:21:36,822 [1] ERROR FMSConfig.ConfigTab - System.AggregateException: One or more errors occurred. ---> System.Net.Http.HttpRequestException: An error occurred while sending the request. ---> System.Net.WebException: The request was aborted: Could not create SSL/TLS secure channel.
   at System.Net.HttpWebRequest.EndGetResponse(IAsyncResult asyncResult)
   at System.Net.Http.HttpClientHandler.GetResponseCallback(IAsyncResult ar)
   --- End of inner exception stack trace ---
   --- End of inner exception stack trace ---
   at System.Threading.Tasks.Task.ThrowIfExceptional(Boolean includeTaskCanceledExceptions)
   at System.Threading.Tasks.Task`1.GetResultCore(Boolean waitCompletionNotification)
   at System.Threading.Tasks.Task`1.get_Result()
   at CloudApiClient.Http.WebClient.GetRaw(String url, Dictionary`2 headers)
   at CloudApiClient.Http.WebClient.Get(String url, Dictionary`2 headers)
   at FMSConfig.ConfigTab.DeleteOnlineTag()
---> (Inner Exception #0) System.Net.Http.HttpRequestException: An error occurred while sending the request. ---> System.Net.WebException: The request was aborted: Could not create SSL/TLS secure channel.
   at System.Net.HttpWebRequest.EndGetResponse(IAsyncResult asyncResult)
   at System.Net.Http.HttpClientHandler.GetResponseCallback(IAsyncResult ar)
   --- End of inner exception stack trace ---<---

2023-02-28 16:21:37,276 [1] ERROR FMSConfig.ConfigTab - System.AggregateException: One or more errors occurred. ---> System.Net.Http.HttpRequestException: An error occurred while sending the request. ---> System.Net.WebException: The request was aborted: Could not create SSL/TLS secure channel.
   at System.Net.HttpWebRequest.EndGetResponse(IAsyncResult asyncResult)
   at System.Net.Http.HttpClientHandler.GetResponseCallback(IAsyncResult ar)
   --- End of inner exception stack trace ---
   --- End of inner exception stack trace ---
   at System.Threading.Tasks.Task.ThrowIfExceptional(Boolean includeTaskCanceledExceptions)
   at System.Threading.Tasks.Task`1.GetResultCore(Boolean waitCompletionNotification)
   at System.Threading.Tasks.Task`1.get_Result()
   at CloudApiClient.Http.WebClient.GetRaw(String url, Dictionary`2 headers)
   at CloudApiClient.Http.WebClient.Get(String url, Dictionary`2 headers)
   at FMSConfig.ConfigTab.DeleteOnlineTag()
---> (Inner Exception #0) System.Net.Http.HttpRequestException: An error occurred while sending the request. ---> System.Net.WebException: The request was aborted: Could not create SSL/TLS secure channel.
   at System.Net.HttpWebRequest.EndGetResponse(IAsyncResult asyncResult)
   at System.Net.Http.HttpClientHandler.GetResponseCallback(IAsyncResult ar)
   --- End of inner exception stack trace ---<---

2023-02-28 16:21:37,734 [1] ERROR FMSConfig.ConfigTab - System.AggregateException: One or more errors occurred. ---> System.Net.Http.HttpRequestException: An error occurred while sending the request. ---> System.Net.WebException: The request was aborted: Could not create SSL/TLS secure channel.
   at System.Net.HttpWebRequest.EndGetResponse(IAsyncResult asyncResult)
   at System.Net.Http.HttpClientHandler.GetResponseCallback(IAsyncResult ar)
   --- End of inner exception stack trace ---
   --- End of inner exception stack trace ---
   at System.Threading.Tasks.Task.ThrowIfExceptional(Boolean includeTaskCanceledExceptions)
   at System.Threading.Tasks.Task`1.GetResultCore(Boolean waitCompletionNotification)
   at System.Threading.Tasks.Task`1.get_Result()
   at CloudApiClient.Http.WebClient.GetRaw(String url, Dictionary`2 headers)
   at CloudApiClient.Http.WebClient.Get(String url, Dictionary`2 headers)
   at FMSConfig.ConfigTab.DeleteOnlineTag()
---> (Inner Exception #0) System.Net.Http.HttpRequestException: An error occurred while sending the request. ---> System.Net.WebException: The request was aborted: Could not create SSL/TLS secure channel.
   at System.Net.HttpWebRequest.EndGetResponse(IAsyncResult asyncResult)
   at System.Net.Http.HttpClientHandler.GetResponseCallback(IAsyncResult ar)
   --- End of inner exception stack trace ---<---

2023-02-28 16:21:38,184 [1] ERROR FMSConfig.ConfigTab - System.AggregateException: One or more errors occurred. ---> System.Net.Http.HttpRequestException: An error occurred while sending the request. ---> System.Net.WebException: The request was aborted: Could not create SSL/TLS secure channel.
   at System.Net.HttpWebRequest.EndGetResponse(IAsyncResult asyncResult)
   at System.Net.Http.HttpClientHandler.GetResponseCallback(IAsyncResult ar)
   --- End of inner exception stack trace ---
   --- End of inner exception stack trace ---
   at System.Threading.Tasks.Task.ThrowIfExceptional(Boolean includeTaskCanceledExceptions)
   at System.Threading.Tasks.Task`1.GetResultCore(Boolean waitCompletionNotification)
   at System.Threading.Tasks.Task`1.get_Result()
   at CloudApiClient.Http.WebClient.GetRaw(String url, Dictionary`2 headers)
   at CloudApiClient.Http.WebClient.Get(String url, Dictionary`2 headers)
   at FMSConfig.ConfigTab.DeleteOnlineTag()
---> (Inner Exception #0) System.Net.Http.HttpRequestException: An error occurred while sending the request. ---> System.Net.WebException: The request was aborted: Could not create SSL/TLS secure channel.
   at System.Net.HttpWebRequest.EndGetResponse(IAsyncResult asyncResult)
   at System.Net.Http.HttpClientHandler.GetResponseCallback(IAsyncResult ar)
   --- End of inner exception stack trace ---<---

2023-02-28 16:21:38,636 [1] ERROR FMSConfig.ConfigTab - System.AggregateException: One or more errors occurred. ---> System.Net.Http.HttpRequestException: An error occurred while sending the request. ---> System.Net.WebException: The request was aborted: Could not create SSL/TLS secure channel.
   at System.Net.HttpWebRequest.EndGetResponse(IAsyncResult asyncResult)
   at System.Net.Http.HttpClientHandler.GetResponseCallback(IAsyncResult ar)
   --- End of inner exception stack trace ---
   --- End of inner exception stack trace ---
   at System.Threading.Tasks.Task.ThrowIfExceptional(Boolean includeTaskCanceledExceptions)
   at System.Threading.Tasks.Task`1.GetResultCore(Boolean waitCompletionNotification)
   at System.Threading.Tasks.Task`1.get_Result()
   at CloudApiClient.Http.WebClient.GetRaw(String url, Dictionary`2 headers)
   at CloudApiClient.Http.WebClient.Get(String url, Dictionary`2 headers)
   at FMSConfig.ConfigTab.DeleteOnlineTag()
---> (Inner Exception #0) System.Net.Http.HttpRequestException: An error occurred while sending the request. ---> System.Net.WebException: The request was aborted: Could not create SSL/TLS secure channel.
   at System.Net.HttpWebRequest.EndGetResponse(IAsyncResult asyncResult)
   at System.Net.Http.HttpClientHandler.GetResponseCallback(IAsyncResult ar)
   --- End of inner exception stack trace ---<---

2023-02-28 16:21:39,099 [1] ERROR FMSConfig.ConfigTab - System.AggregateException: One or more errors occurred. ---> System.Net.Http.HttpRequestException: An error occurred while sending the request. ---> System.Net.WebException: The request was aborted: Could not create SSL/TLS secure channel.
   at System.Net.HttpWebRequest.EndGetResponse(IAsyncResult asyncResult)
   at System.Net.Http.HttpClientHandler.GetResponseCallback(IAsyncResult ar)
   --- End of inner exception stack trace ---
   --- End of inner exception stack trace ---
   at System.Threading.Tasks.Task.ThrowIfExceptional(Boolean includeTaskCanceledExceptions)
   at System.Threading.Tasks.Task`1.GetResultCore(Boolean waitCompletionNotification)
   at System.Threading.Tasks.Task`1.get_Result()
   at CloudApiClient.Http.WebClient.GetRaw(String url, Dictionary`2 headers)
   at CloudApiClient.Http.WebClient.Get(String url, Dictionary`2 headers)
   at FMSConfig.ConfigTab.DeleteOnlineTag()
---> (Inner Exception #0) System.Net.Http.HttpRequestException: An error occurred while sending the request. ---> System.Net.WebException: The request was aborted: Could not create SSL/TLS secure channel.
   at System.Net.HttpWebRequest.EndGetResponse(IAsyncResult asyncResult)
   at System.Net.Http.HttpClientHandler.GetResponseCallback(IAsyncResult ar)
   --- End of inner exception stack trace ---<---

2023-02-28 16:21:39,554 [1] ERROR FMSConfig.ConfigTab - System.AggregateException: One or more errors occurred. ---> System.Net.Http.HttpRequestException: An error occurred while sending the request. ---> System.Net.WebException: The request was aborted: Could not create SSL/TLS secure channel.
   at System.Net.HttpWebRequest.EndGetResponse(IAsyncResult asyncResult)
   at System.Net.Http.HttpClientHandler.GetResponseCallback(IAsyncResult ar)
   --- End of inner exception stack trace ---
   --- End of inner exception stack trace ---
   at System.Threading.Tasks.Task.ThrowIfExceptional(Boolean includeTaskCanceledExceptions)
   at System.Threading.Tasks.Task`1.GetResultCore(Boolean waitCompletionNotification)
   at System.Threading.Tasks.Task`1.get_Result()
   at CloudApiClient.Http.WebClient.GetRaw(String url, Dictionary`2 headers)
   at CloudApiClient.Http.WebClient.Get(String url, Dictionary`2 headers)
   at FMSConfig.ConfigTab.DeleteOnlineTag()
---> (Inner Exception #0) System.Net.Http.HttpRequestException: An error occurred while sending the request. ---> System.Net.WebException: The request was aborted: Could not create SSL/TLS secure channel.
   at System.Net.HttpWebRequest.EndGetResponse(IAsyncResult asyncResult)
   at System.Net.Http.HttpClientHandler.GetResponseCallback(IAsyncResult ar)
   --- End of inner exception stack trace ---<---

2023-02-28 16:21:40,018 [1] ERROR FMSConfig.ConfigTab - System.AggregateException: One or more errors occurred. ---> System.Net.Http.HttpRequestException: An error occurred while sending the request. ---> System.Net.WebException: The request was aborted: Could not create SSL/TLS secure channel.
   at System.Net.HttpWebRequest.EndGetResponse(IAsyncResult asyncResult)
   at System.Net.Http.HttpClientHandler.GetResponseCallback(IAsyncResult ar)
   --- End of inner exception stack trace ---
   --- End of inner exception stack trace ---
   at System.Threading.Tasks.Task.ThrowIfExceptional(Boolean includeTaskCanceledExceptions)
   at System.Threading.Tasks.Task`1.GetResultCore(Boolean waitCompletionNotification)
   at System.Threading.Tasks.Task`1.get_Result()
   at CloudApiClient.Http.WebClient.GetRaw(String url, Dictionary`2 headers)
   at CloudApiClient.Http.WebClient.Get(String url, Dictionary`2 headers)
   at FMSConfig.ConfigTab.DeleteOnlineTag()
---> (Inner Exception #0) System.Net.Http.HttpRequestException: An error occurred while sending the request. ---> System.Net.WebException: The request was aborted: Could not create SSL/TLS secure channel.
   at System.Net.HttpWebRequest.EndGetResponse(IAsyncResult asyncResult)
   at System.Net.Http.HttpClientHandler.GetResponseCallback(IAsyncResult ar)
   --- End of inner exception stack trace ---<---

2023-02-28 16:21:40,453 [1] ERROR FMSConfig.ConfigTab - System.AggregateException: One or more errors occurred. ---> System.Net.Http.HttpRequestException: An error occurred while sending the request. ---> System.Net.WebException: The request was aborted: Could not create SSL/TLS secure channel.
   at System.Net.HttpWebRequest.EndGetResponse(IAsyncResult asyncResult)
   at System.Net.Http.HttpClientHandler.GetResponseCallback(IAsyncResult ar)
   --- End of inner exception stack trace ---
   --- End of inner exception stack trace ---
   at System.Threading.Tasks.Task.ThrowIfExceptional(Boolean includeTaskCanceledExceptions)
   at System.Threading.Tasks.Task`1.GetResultCore(Boolean waitCompletionNotification)
   at System.Threading.Tasks.Task`1.get_Result()
   at CloudApiClient.Http.WebClient.GetRaw(String url, Dictionary`2 headers)
   at CloudApiClient.Http.WebClient.Get(String url, Dictionary`2 headers)
   at FMSConfig.ConfigTab.DeleteOnlineTag()
---> (Inner Exception #0) System.Net.Http.HttpRequestException: An error occurred while sending the request. ---> System.Net.WebException: The request was aborted: Could not create SSL/TLS secure channel.
   at System.Net.HttpWebRequest.EndGetResponse(IAsyncResult asyncResult)
   at System.Net.Http.HttpClientHandler.GetResponseCallback(IAsyncResult ar)
   --- End of inner exception stack trace ---<---

